

Processing EmployeesController#index (for 127.0.0.1 at 2009-09-26 19:00:54) [GET]

ActionController::UnknownAction (No action responded to index. Actions: ):
  thin (1.2.4) lib/thin/connection.rb:76:in `pre_process'
  thin (1.2.4) lib/thin/connection.rb:74:in `catch'
  thin (1.2.4) lib/thin/connection.rb:74:in `pre_process'
  thin (1.2.4) lib/thin/connection.rb:57:in `process'
  thin (1.2.4) lib/thin/connection.rb:42:in `receive_data'
  eventmachine (0.12.8) lib/eventmachine.rb:242:in `run_machine'
  eventmachine (0.12.8) lib/eventmachine.rb:242:in `run'
  thin (1.2.4) lib/thin/backends/base.rb:57:in `start'
  thin (1.2.4) lib/thin/server.rb:156:in `start'
  thin (1.2.4) lib/thin/controllers/controller.rb:80:in `start'
  thin (1.2.4) lib/thin/runner.rb:174:in `send'
  thin (1.2.4) lib/thin/runner.rb:174:in `run_command'
  thin (1.2.4) lib/thin/runner.rb:140:in `run!'
  thin (1.2.4) bin/thin:6
  /opt/local/bin/thin:19:in `load'
  /opt/local/bin/thin:19

Rendering rescues/layout (not_found)


Processing EmployeesController#index (for 127.0.0.1 at 2009-09-26 19:02:02) [GET]
Rendering employees/index
Completed in 25ms (View: 6 | 200 OK [http://localhost/employees]


Processing EmployeesController#index (for 127.0.0.1 at 2009-09-26 19:04:07) [GET]

ActionView::MissingTemplate (Missing template employees/index.erb in view path app/views):
  thin (1.2.4) lib/thin/connection.rb:76:in `pre_process'
  thin (1.2.4) lib/thin/connection.rb:74:in `catch'
  thin (1.2.4) lib/thin/connection.rb:74:in `pre_process'
  thin (1.2.4) lib/thin/connection.rb:57:in `process'
  thin (1.2.4) lib/thin/connection.rb:42:in `receive_data'
  eventmachine (0.12.8) lib/eventmachine.rb:242:in `run_machine'
  eventmachine (0.12.8) lib/eventmachine.rb:242:in `run'
  thin (1.2.4) lib/thin/backends/base.rb:57:in `start'
  thin (1.2.4) lib/thin/server.rb:156:in `start'
  thin (1.2.4) lib/thin/controllers/controller.rb:80:in `start'
  thin (1.2.4) lib/thin/runner.rb:174:in `send'
  thin (1.2.4) lib/thin/runner.rb:174:in `run_command'
  thin (1.2.4) lib/thin/runner.rb:140:in `run!'
  thin (1.2.4) bin/thin:6
  /opt/local/bin/thin:19:in `load'
  /opt/local/bin/thin:19

Rendering rescues/layout (internal_server_error)


Processing EmployeesController#index (for 127.0.0.1 at 2009-09-26 19:04:28) [GET]
Rendering employees/index
Completed in 11ms (View: 5 | 200 OK [http://localhost/employees]


Processing EmployeesController#index (for 127.0.0.1 at 2009-09-26 19:05:11) [GET]
Rendering employees/index

ActionView::TemplateError (The line was indented 2 levels deeper than the previous line.) on line #3 of app/views/employees/index.html.haml:
1: #content
2:  .title
3:    %h1= Employees

    app/views/employees/index.html.haml:3
    haml (2.2.5) lib/haml/precompiler.rb:171:in `precompile'
    haml (2.2.5) lib/haml/engine.rb:112:in `initialize'
    haml (2.2.5) lib/haml/template/plugin.rb:21:in `new'
    haml (2.2.5) lib/haml/template/plugin.rb:21:in `compile'
    haml (2.2.5) lib/haml/helpers/action_view_mods.rb:13:in `render'
    haml (2.2.5) lib/sass/plugin/rails.rb:19:in `process'
    thin (1.2.4) lib/thin/connection.rb:76:in `pre_process'
    thin (1.2.4) lib/thin/connection.rb:74:in `catch'
    thin (1.2.4) lib/thin/connection.rb:74:in `pre_process'
    thin (1.2.4) lib/thin/connection.rb:57:in `process'
    thin (1.2.4) lib/thin/connection.rb:42:in `receive_data'
    eventmachine (0.12.8) lib/eventmachine.rb:242:in `run_machine'
    eventmachine (0.12.8) lib/eventmachine.rb:242:in `run'
    thin (1.2.4) lib/thin/backends/base.rb:57:in `start'
    thin (1.2.4) lib/thin/server.rb:156:in `start'
    thin (1.2.4) lib/thin/controllers/controller.rb:80:in `start'
    thin (1.2.4) lib/thin/runner.rb:174:in `send'
    thin (1.2.4) lib/thin/runner.rb:174:in `run_command'
    thin (1.2.4) lib/thin/runner.rb:140:in `run!'
    thin (1.2.4) bin/thin:6
    /opt/local/bin/thin:19:in `load'
    /opt/local/bin/thin:19

Rendered rescues/_trace (88.7ms)
Rendered rescues/_request_and_response (70.6ms)
Rendering rescues/layout (internal_server_error)


Processing EmployeesController#index (for 127.0.0.1 at 2009-09-26 19:06:25) [GET]
Rendering employees/index

ActionView::TemplateError (The line was indented 2 levels deeper than the previous line.) on line #3 of app/views/employees/index.html.haml:
1: #content
2:  .title
3:    %h1 Employees

    app/views/employees/index.html.haml:3
    haml (2.2.5) lib/haml/precompiler.rb:171:in `precompile'
    haml (2.2.5) lib/haml/engine.rb:112:in `initialize'
    haml (2.2.5) lib/haml/template/plugin.rb:21:in `new'
    haml (2.2.5) lib/haml/template/plugin.rb:21:in `compile'
    haml (2.2.5) lib/haml/helpers/action_view_mods.rb:13:in `render'
    haml (2.2.5) lib/sass/plugin/rails.rb:19:in `process'
    thin (1.2.4) lib/thin/connection.rb:76:in `pre_process'
    thin (1.2.4) lib/thin/connection.rb:74:in `catch'
    thin (1.2.4) lib/thin/connection.rb:74:in `pre_process'
    thin (1.2.4) lib/thin/connection.rb:57:in `process'
    thin (1.2.4) lib/thin/connection.rb:42:in `receive_data'
    eventmachine (0.12.8) lib/eventmachine.rb:242:in `run_machine'
    eventmachine (0.12.8) lib/eventmachine.rb:242:in `run'
    thin (1.2.4) lib/thin/backends/base.rb:57:in `start'
    thin (1.2.4) lib/thin/server.rb:156:in `start'
    thin (1.2.4) lib/thin/controllers/controller.rb:80:in `start'
    thin (1.2.4) lib/thin/runner.rb:174:in `send'
    thin (1.2.4) lib/thin/runner.rb:174:in `run_command'
    thin (1.2.4) lib/thin/runner.rb:140:in `run!'
    thin (1.2.4) bin/thin:6
    /opt/local/bin/thin:19:in `load'
    /opt/local/bin/thin:19

Rendered rescues/_trace (26.8ms)
Rendered rescues/_request_and_response (0.2ms)
Rendering rescues/layout (internal_server_error)


Processing EmployeesController#index (for 127.0.0.1 at 2009-09-26 19:06:42) [GET]
Rendering employees/index

ActionView::TemplateError (The line was indented 2 levels deeper than the previous line.) on line #3 of app/views/employees/index.html.haml:
1: #content
2:  .title
3:    %h1 Employees

    app/views/employees/index.html.haml:3
    haml (2.2.5) lib/haml/precompiler.rb:171:in `precompile'
    haml (2.2.5) lib/haml/engine.rb:112:in `initialize'
    haml (2.2.5) lib/haml/template/plugin.rb:21:in `new'
    haml (2.2.5) lib/haml/template/plugin.rb:21:in `compile'
    haml (2.2.5) lib/haml/helpers/action_view_mods.rb:13:in `render'
    haml (2.2.5) lib/sass/plugin/rails.rb:19:in `process'
    thin (1.2.4) lib/thin/connection.rb:76:in `pre_process'
    thin (1.2.4) lib/thin/connection.rb:74:in `catch'
    thin (1.2.4) lib/thin/connection.rb:74:in `pre_process'
    thin (1.2.4) lib/thin/connection.rb:57:in `process'
    thin (1.2.4) lib/thin/connection.rb:42:in `receive_data'
    eventmachine (0.12.8) lib/eventmachine.rb:242:in `run_machine'
    eventmachine (0.12.8) lib/eventmachine.rb:242:in `run'
    thin (1.2.4) lib/thin/backends/base.rb:57:in `start'
    thin (1.2.4) lib/thin/server.rb:156:in `start'
    thin (1.2.4) lib/thin/controllers/controller.rb:80:in `start'
    thin (1.2.4) lib/thin/runner.rb:174:in `send'
    thin (1.2.4) lib/thin/runner.rb:174:in `run_command'
    thin (1.2.4) lib/thin/runner.rb:140:in `run!'
    thin (1.2.4) bin/thin:6
    /opt/local/bin/thin:19:in `load'
    /opt/local/bin/thin:19

Rendered rescues/_trace (31.7ms)
Rendered rescues/_request_and_response (0.2ms)
Rendering rescues/layout (internal_server_error)


Processing EmployeesController#index (for 127.0.0.1 at 2009-09-26 19:06:48) [GET]
Rendering employees/index
Completed in 72ms (View: 5 | 200 OK [http://localhost/employees]


Processing EmployeesController#index (for 127.0.0.1 at 2009-09-26 19:10:04) [GET]
Rendering employees/index

ActionView::TemplateError (Inconsistent indentation: 1 tab was used for indentation, but the rest of the document was indented using 1 space.) on line #4 of app/views/employees/index.html.haml:
1: #content
2:  .title
3:   %h1 Employees
4: 	= render :partial => "employees_table"
5:    = render :partial => "employee", :collection => @employees

    app/views/employees/index.html.haml:4
    haml (2.2.5) lib/haml/precompiler.rb:141:in `tabs'
    haml (2.2.5) lib/haml/precompiler.rb:123:in `instance_eval'
    haml (2.2.5) lib/haml/precompiler.rb:123:in `tabs'
    haml (2.2.5) lib/haml/precompiler.rb:944:in `block_opened?'
    haml (2.2.5) lib/haml/precompiler.rb:700:in `render_tag'
    haml (2.2.5) lib/haml/precompiler.rb:204:in `process_line'
    haml (2.2.5) lib/haml/precompiler.rb:168:in `precompile'
    haml (2.2.5) lib/haml/engine.rb:112:in `initialize'
    haml (2.2.5) lib/haml/template/plugin.rb:21:in `new'
    haml (2.2.5) lib/haml/template/plugin.rb:21:in `compile'
    haml (2.2.5) lib/haml/helpers/action_view_mods.rb:13:in `render'
    haml (2.2.5) lib/sass/plugin/rails.rb:19:in `process'
    thin (1.2.4) lib/thin/connection.rb:76:in `pre_process'
    thin (1.2.4) lib/thin/connection.rb:74:in `catch'
    thin (1.2.4) lib/thin/connection.rb:74:in `pre_process'
    thin (1.2.4) lib/thin/connection.rb:57:in `process'
    thin (1.2.4) lib/thin/connection.rb:42:in `receive_data'
    eventmachine (0.12.8) lib/eventmachine.rb:242:in `run_machine'
    eventmachine (0.12.8) lib/eventmachine.rb:242:in `run'
    thin (1.2.4) lib/thin/backends/base.rb:57:in `start'
    thin (1.2.4) lib/thin/server.rb:156:in `start'
    thin (1.2.4) lib/thin/controllers/controller.rb:80:in `start'
    thin (1.2.4) lib/thin/runner.rb:174:in `send'
    thin (1.2.4) lib/thin/runner.rb:174:in `run_command'
    thin (1.2.4) lib/thin/runner.rb:140:in `run!'
    thin (1.2.4) bin/thin:6
    /opt/local/bin/thin:19:in `load'
    /opt/local/bin/thin:19

Rendered rescues/_trace (29.7ms)
Rendered rescues/_request_and_response (0.2ms)
Rendering rescues/layout (internal_server_error)


Processing EmployeesController#index (for 127.0.0.1 at 2009-09-26 19:10:35) [GET]
Rendering employees/index

ActionView::TemplateError (Illegal nesting: content can't be both given on the same line as %h1 and nested within it.) on line #4 of app/views/employees/index.html.haml:
1: #content
2:  .title
3:   %h1 Employees
4:    = render :partial => "employees_table"
5:    = render :partial => "employee", :collection => @employees

    app/views/employees/index.html.haml:4
    haml (2.2.5) lib/haml/precompiler.rb:701:in `render_tag'
    haml (2.2.5) lib/haml/precompiler.rb:204:in `process_line'
    haml (2.2.5) lib/haml/precompiler.rb:168:in `precompile'
    haml (2.2.5) lib/haml/engine.rb:112:in `initialize'
    haml (2.2.5) lib/haml/template/plugin.rb:21:in `new'
    haml (2.2.5) lib/haml/template/plugin.rb:21:in `compile'
    haml (2.2.5) lib/haml/helpers/action_view_mods.rb:13:in `render'
    haml (2.2.5) lib/sass/plugin/rails.rb:19:in `process'
    thin (1.2.4) lib/thin/connection.rb:76:in `pre_process'
    thin (1.2.4) lib/thin/connection.rb:74:in `catch'
    thin (1.2.4) lib/thin/connection.rb:74:in `pre_process'
    thin (1.2.4) lib/thin/connection.rb:57:in `process'
    thin (1.2.4) lib/thin/connection.rb:42:in `receive_data'
    eventmachine (0.12.8) lib/eventmachine.rb:242:in `run_machine'
    eventmachine (0.12.8) lib/eventmachine.rb:242:in `run'
    thin (1.2.4) lib/thin/backends/base.rb:57:in `start'
    thin (1.2.4) lib/thin/server.rb:156:in `start'
    thin (1.2.4) lib/thin/controllers/controller.rb:80:in `start'
    thin (1.2.4) lib/thin/runner.rb:174:in `send'
    thin (1.2.4) lib/thin/runner.rb:174:in `run_command'
    thin (1.2.4) lib/thin/runner.rb:140:in `run!'
    thin (1.2.4) bin/thin:6
    /opt/local/bin/thin:19:in `load'
    /opt/local/bin/thin:19

Rendered rescues/_trace (26.6ms)
Rendered rescues/_request_and_response (0.3ms)
Rendering rescues/layout (internal_server_error)


Processing EmployeesController#index (for 127.0.0.1 at 2009-09-26 19:10:51) [GET]
Rendering employees/index

ActionView::TemplateError (Illegal nesting: content can't be both given on the same line as %h1 and nested within it.) on line #4 of app/views/employees/index.html.haml:
1: #content
2:  .title
3:   %h1= Employees
4:    = render :partial => "employees_table"
5:    = render :partial => "employee", :collection => @employees

    app/views/employees/index.html.haml:4
    haml (2.2.5) lib/haml/precompiler.rb:701:in `render_tag'
    haml (2.2.5) lib/haml/precompiler.rb:204:in `process_line'
    haml (2.2.5) lib/haml/precompiler.rb:168:in `precompile'
    haml (2.2.5) lib/haml/engine.rb:112:in `initialize'
    haml (2.2.5) lib/haml/template/plugin.rb:21:in `new'
    haml (2.2.5) lib/haml/template/plugin.rb:21:in `compile'
    haml (2.2.5) lib/haml/helpers/action_view_mods.rb:13:in `render'
    haml (2.2.5) lib/sass/plugin/rails.rb:19:in `process'
    thin (1.2.4) lib/thin/connection.rb:76:in `pre_process'
    thin (1.2.4) lib/thin/connection.rb:74:in `catch'
    thin (1.2.4) lib/thin/connection.rb:74:in `pre_process'
    thin (1.2.4) lib/thin/connection.rb:57:in `process'
    thin (1.2.4) lib/thin/connection.rb:42:in `receive_data'
    eventmachine (0.12.8) lib/eventmachine.rb:242:in `run_machine'
    eventmachine (0.12.8) lib/eventmachine.rb:242:in `run'
    thin (1.2.4) lib/thin/backends/base.rb:57:in `start'
    thin (1.2.4) lib/thin/server.rb:156:in `start'
    thin (1.2.4) lib/thin/controllers/controller.rb:80:in `start'
    thin (1.2.4) lib/thin/runner.rb:174:in `send'
    thin (1.2.4) lib/thin/runner.rb:174:in `run_command'
    thin (1.2.4) lib/thin/runner.rb:140:in `run!'
    thin (1.2.4) bin/thin:6
    /opt/local/bin/thin:19:in `load'
    /opt/local/bin/thin:19

Rendered rescues/_trace (27.2ms)
Rendered rescues/_request_and_response (0.2ms)
Rendering rescues/layout (internal_server_error)


Processing EmployeesController#index (for 127.0.0.1 at 2009-09-26 19:11:22) [GET]
Rendering employees/index

ActionView::TemplateError (uninitialized constant ActionView::Base::CompiledTemplates::Employees) on line #3 of app/views/employees/index.html.haml:
1: #content
2:  .title
3:   %h1= Employees
4:   = render :partial => "employees_table"
5:   = render :partial => "employee", :collection => @employees

    app/views/employees/index.html.haml:3:in `_run_haml_app47views47employees47index46html46haml'
    haml (2.2.5) lib/haml/helpers/action_view_mods.rb:13:in `render'
    haml (2.2.5) lib/sass/plugin/rails.rb:19:in `process'
    thin (1.2.4) lib/thin/connection.rb:76:in `pre_process'
    thin (1.2.4) lib/thin/connection.rb:74:in `catch'
    thin (1.2.4) lib/thin/connection.rb:74:in `pre_process'
    thin (1.2.4) lib/thin/connection.rb:57:in `process'
    thin (1.2.4) lib/thin/connection.rb:42:in `receive_data'
    eventmachine (0.12.8) lib/eventmachine.rb:242:in `run_machine'
    eventmachine (0.12.8) lib/eventmachine.rb:242:in `run'
    thin (1.2.4) lib/thin/backends/base.rb:57:in `start'
    thin (1.2.4) lib/thin/server.rb:156:in `start'
    thin (1.2.4) lib/thin/controllers/controller.rb:80:in `start'
    thin (1.2.4) lib/thin/runner.rb:174:in `send'
    thin (1.2.4) lib/thin/runner.rb:174:in `run_command'
    thin (1.2.4) lib/thin/runner.rb:140:in `run!'
    thin (1.2.4) bin/thin:6
    /opt/local/bin/thin:19:in `load'
    /opt/local/bin/thin:19

Rendered rescues/_trace (27.2ms)
Rendered rescues/_request_and_response (0.2ms)
Rendering rescues/layout (internal_server_error)


Processing EmployeesController#index (for 127.0.0.1 at 2009-09-26 19:11:29) [GET]
Rendering employees/index

ActionView::TemplateError (Missing template employees/_employees_table.erb in view path app/views) on line #4 of app/views/employees/index.html.haml:
1: #content
2:  .title
3:   %h1 Employees
4:   = render :partial => "employees_table"
5:   = render :partial => "employee", :collection => @employees

    haml (2.2.5) lib/haml/helpers/action_view_mods.rb:11:in `render'
    haml (2.2.5) lib/haml/helpers.rb:96:in `non_haml'
    haml (2.2.5) lib/haml/helpers/action_view_mods.rb:11:in `render'
    app/views/employees/index.html.haml:4:in `_run_haml_app47views47employees47index46html46haml'
    haml (2.2.5) lib/haml/helpers/action_view_mods.rb:13:in `render'
    haml (2.2.5) lib/sass/plugin/rails.rb:19:in `process'
    thin (1.2.4) lib/thin/connection.rb:76:in `pre_process'
    thin (1.2.4) lib/thin/connection.rb:74:in `catch'
    thin (1.2.4) lib/thin/connection.rb:74:in `pre_process'
    thin (1.2.4) lib/thin/connection.rb:57:in `process'
    thin (1.2.4) lib/thin/connection.rb:42:in `receive_data'
    eventmachine (0.12.8) lib/eventmachine.rb:242:in `run_machine'
    eventmachine (0.12.8) lib/eventmachine.rb:242:in `run'
    thin (1.2.4) lib/thin/backends/base.rb:57:in `start'
    thin (1.2.4) lib/thin/server.rb:156:in `start'
    thin (1.2.4) lib/thin/controllers/controller.rb:80:in `start'
    thin (1.2.4) lib/thin/runner.rb:174:in `send'
    thin (1.2.4) lib/thin/runner.rb:174:in `run_command'
    thin (1.2.4) lib/thin/runner.rb:140:in `run!'
    thin (1.2.4) bin/thin:6
    /opt/local/bin/thin:19:in `load'
    /opt/local/bin/thin:19

Rendered rescues/_trace (93.2ms)
Rendered rescues/_request_and_response (0.2ms)
Rendering rescues/layout (internal_server_error)


Processing EmployeesController#index (for 127.0.0.1 at 2009-09-26 19:11:48) [GET]
Rendering employees/index
Rendered employees/_employees_table (0.4ms)
Completed in 41ms (View: 24 | 200 OK [http://localhost/employees]


Processing EmployeesController#index (for 127.0.0.1 at 2009-09-26 19:12:10) [GET]
Rendering employees/index
Rendered employees/_employees_table (0.8ms)
Completed in 12ms (View: 7 | 200 OK [http://localhost/employees]


Processing EmployeesController#index (for 127.0.0.1 at 2009-09-26 19:16:52) [GET]
Rendering employees/index
Rendered employees/_employees_table (0.1ms)
Completed in 21ms (View: 16 | 200 OK [http://localhost/employees]


Processing EmployeesController#new (for 127.0.0.1 at 2009-09-26 19:16:55) [GET]

ActionController::UnknownAction (No action responded to new. Actions: index):
  haml (2.2.5) lib/sass/plugin/rails.rb:19:in `process'
  thin (1.2.4) lib/thin/connection.rb:76:in `pre_process'
  thin (1.2.4) lib/thin/connection.rb:74:in `catch'
  thin (1.2.4) lib/thin/connection.rb:74:in `pre_process'
  thin (1.2.4) lib/thin/connection.rb:57:in `process'
  thin (1.2.4) lib/thin/connection.rb:42:in `receive_data'
  eventmachine (0.12.8) lib/eventmachine.rb:242:in `run_machine'
  eventmachine (0.12.8) lib/eventmachine.rb:242:in `run'
  thin (1.2.4) lib/thin/backends/base.rb:57:in `start'
  thin (1.2.4) lib/thin/server.rb:156:in `start'
  thin (1.2.4) lib/thin/controllers/controller.rb:80:in `start'
  thin (1.2.4) lib/thin/runner.rb:174:in `send'
  thin (1.2.4) lib/thin/runner.rb:174:in `run_command'
  thin (1.2.4) lib/thin/runner.rb:140:in `run!'
  thin (1.2.4) bin/thin:6
  /opt/local/bin/thin:19:in `load'
  /opt/local/bin/thin:19

Rendering rescues/layout (not_found)


Processing EmployeesController#new (for 127.0.0.1 at 2009-09-26 19:17:20) [GET]

ActionView::MissingTemplate (Missing template employees/new.erb in view path app/views):
  haml (2.2.5) lib/sass/plugin/rails.rb:19:in `process'
  thin (1.2.4) lib/thin/connection.rb:76:in `pre_process'
  thin (1.2.4) lib/thin/connection.rb:74:in `catch'
  thin (1.2.4) lib/thin/connection.rb:74:in `pre_process'
  thin (1.2.4) lib/thin/connection.rb:57:in `process'
  thin (1.2.4) lib/thin/connection.rb:42:in `receive_data'
  eventmachine (0.12.8) lib/eventmachine.rb:242:in `run_machine'
  eventmachine (0.12.8) lib/eventmachine.rb:242:in `run'
  thin (1.2.4) lib/thin/backends/base.rb:57:in `start'
  thin (1.2.4) lib/thin/server.rb:156:in `start'
  thin (1.2.4) lib/thin/controllers/controller.rb:80:in `start'
  thin (1.2.4) lib/thin/runner.rb:174:in `send'
  thin (1.2.4) lib/thin/runner.rb:174:in `run_command'
  thin (1.2.4) lib/thin/runner.rb:140:in `run!'
  thin (1.2.4) bin/thin:6
  /opt/local/bin/thin:19:in `load'
  /opt/local/bin/thin:19

Rendering rescues/layout (internal_server_error)


Processing EmployeesController#new (for 127.0.0.1 at 2009-09-26 19:24:35) [GET]
Rendering employees/new
Rendered employees/_form (1.3ms)
Completed in 52ms (View: 51 | 200 OK [http://localhost/employees/new]


Processing EmployeesController#new (for 127.0.0.1 at 2009-09-26 19:24:48) [GET]
Rendering employees/new
Rendered employees/_form (1.3ms)
Completed in 14ms (View: 12 | 200 OK [http://localhost/employees/new]


Processing EmployeesController#new (for 127.0.0.1 at 2009-09-26 19:53:54) [GET]
Rendering employees/new
Rendered employees/_form (0.7ms)
Completed in 79ms (View: 78 | 200 OK [http://localhost/employees/new]


Processing EmployeesController#create (for 127.0.0.1 at 2009-09-26 19:53:56) [POST]
  Parameters: {"commit"=>"Create", "authenticity_token"=>"00SMJHYycx8VnQewkMDW7CwZoZMZgTerIXDLr6Bg7t8=", "employee"=>{"surname"=>"", "first_name"=>""}}


Processing ApplicationController#create (for 127.0.0.1 at 2009-09-26 19:53:56) [POST]
  Parameters: {"commit"=>"Create", "authenticity_token"=>"00SMJHYycx8VnQewkMDW7CwZoZMZgTerIXDLr6Bg7t8=", "employee"=>{"surname"=>"", "first_name"=>""}}
/!\ FAILSAFE /!\  Sat Sep 26 19:53:56 +1000 2009
  Status: 500 Internal Server Error
  uninitialized constant ApplicationController::ActiveRecord
    /Users/stevehayes/projects/cogent/cogent_times/vendor/rails/activesupport/lib/active_support/dependencies.rb:105:in `const_missing'
    /Users/stevehayes/projects/cogent/cogent_times/app/controllers/application_controller.rb:13:in `rescue_action'
    /Users/stevehayes/projects/cogent/cogent_times/vendor/rails/actionpack/lib/action_controller/base.rb:532:in `send'
    /Users/stevehayes/projects/cogent/cogent_times/vendor/rails/actionpack/lib/action_controller/base.rb:532:in `process_without_filters'
    /Users/stevehayes/projects/cogent/cogent_times/vendor/rails/actionpack/lib/action_controller/filters.rb:606:in `sass_old_process'
    /opt/local/lib/ruby/gems/1.8/gems/haml-2.2.5/lib/sass/plugin/rails.rb:19:in `process'
    /Users/stevehayes/projects/cogent/cogent_times/vendor/rails/actionpack/lib/action_controller/rescue.rb:65:in `call_with_exception'
    /Users/stevehayes/projects/cogent/cogent_times/vendor/rails/actionpack/lib/action_controller/dispatcher.rb:90:in `dispatch'
    /Users/stevehayes/projects/cogent/cogent_times/vendor/rails/actionpack/lib/action_controller/dispatcher.rb:121:in `_call'
    /Users/stevehayes/projects/cogent/cogent_times/vendor/rails/actionpack/lib/action_controller/dispatcher.rb:130:in `build_middleware_stack'
    /opt/local/lib/ruby/gems/1.8/gems/rack-1.0.0/lib/rack/head.rb:9:in `call'
    /opt/local/lib/ruby/gems/1.8/gems/rack-1.0.0/lib/rack/head.rb:9:in `call'
    /opt/local/lib/ruby/gems/1.8/gems/rack-1.0.0/lib/rack/methodoverride.rb:24:in `call'
    /Users/stevehayes/projects/cogent/cogent_times/vendor/rails/actionpack/lib/action_controller/params_parser.rb:15:in `call'
    /Users/stevehayes/projects/cogent/cogent_times/vendor/rails/actionpack/lib/action_controller/session/cookie_store.rb:93:in `call'
    /Users/stevehayes/projects/cogent/cogent_times/vendor/rails/actionpack/lib/action_controller/failsafe.rb:26:in `call'
    /opt/local/lib/ruby/gems/1.8/gems/rack-1.0.0/lib/rack/lock.rb:11:in `call'
    /opt/local/lib/ruby/gems/1.8/gems/rack-1.0.0/lib/rack/lock.rb:11:in `synchronize'
    /opt/local/lib/ruby/gems/1.8/gems/rack-1.0.0/lib/rack/lock.rb:11:in `call'
    /Users/stevehayes/projects/cogent/cogent_times/vendor/rails/actionpack/lib/action_controller/dispatcher.rb:114:in `call'
    /Users/stevehayes/projects/cogent/cogent_times/vendor/rails/actionpack/lib/action_controller/reloader.rb:34:in `run'
    /Users/stevehayes/projects/cogent/cogent_times/vendor/rails/actionpack/lib/action_controller/dispatcher.rb:108:in `call'
    /opt/local/lib/ruby/gems/1.8/gems/thin-1.2.4/lib/rack/adapter/rails.rb:75:in `call'
    /opt/local/lib/ruby/gems/1.8/gems/thin-1.2.4/lib/thin/connection.rb:76:in `pre_process'
    /opt/local/lib/ruby/gems/1.8/gems/thin-1.2.4/lib/thin/connection.rb:74:in `catch'
    /opt/local/lib/ruby/gems/1.8/gems/thin-1.2.4/lib/thin/connection.rb:74:in `pre_process'
    /opt/local/lib/ruby/gems/1.8/gems/thin-1.2.4/lib/thin/connection.rb:57:in `process'
    /opt/local/lib/ruby/gems/1.8/gems/thin-1.2.4/lib/thin/connection.rb:42:in `receive_data'
    /opt/local/lib/ruby/gems/1.8/gems/eventmachine-0.12.8/lib/eventmachine.rb:242:in `run_machine'
    /opt/local/lib/ruby/gems/1.8/gems/eventmachine-0.12.8/lib/eventmachine.rb:242:in `run'
    /opt/local/lib/ruby/gems/1.8/gems/thin-1.2.4/lib/thin/backends/base.rb:57:in `start'
    /opt/local/lib/ruby/gems/1.8/gems/thin-1.2.4/lib/thin/server.rb:156:in `start'
    /opt/local/lib/ruby/gems/1.8/gems/thin-1.2.4/lib/thin/controllers/controller.rb:80:in `start'
    /opt/local/lib/ruby/gems/1.8/gems/thin-1.2.4/lib/thin/runner.rb:174:in `send'
    /opt/local/lib/ruby/gems/1.8/gems/thin-1.2.4/lib/thin/runner.rb:174:in `run_command'
    /opt/local/lib/ruby/gems/1.8/gems/thin-1.2.4/lib/thin/runner.rb:140:in `run!'
    /opt/local/lib/ruby/gems/1.8/gems/thin-1.2.4/bin/thin:6
    /opt/local/bin/thin:19:in `load'
    /opt/local/bin/thin:19


Processing EmployeesController#create (for 127.0.0.1 at 2009-09-26 19:54:16) [POST]
  Parameters: {"commit"=>"Create", "authenticity_token"=>"00SMJHYycx8VnQewkMDW7CwZoZMZgTerIXDLr6Bg7t8=", "employee"=>{"surname"=>"", "first_name"=>""}}

DataObjects::SyntaxError (ERROR:  syntax error at or near "RETURNING" at character 67
):
  /opt/local/lib/ruby/gems/1.8/gems/dm-core-0.10.0/lib/dm-core/adapters/data_objects_adapter.rb:162:in `execute_non_query'
  /opt/local/lib/ruby/gems/1.8/gems/dm-core-0.10.0/lib/dm-core/adapters/data_objects_adapter.rb:162:in `execute'
  /opt/local/lib/ruby/gems/1.8/gems/dm-core-0.10.0/lib/dm-core/adapters/data_objects_adapter.rb:266:in `with_connection'
  /opt/local/lib/ruby/gems/1.8/gems/dm-core-0.10.0/lib/dm-core/adapters/data_objects_adapter.rb:160:in `execute'
  /opt/local/lib/ruby/gems/1.8/gems/dm-core-0.10.0/lib/dm-core/adapters/data_objects_adapter.rb:58:in `create'
  /opt/local/lib/ruby/gems/1.8/gems/dm-core-0.10.0/lib/dm-core/adapters/data_objects_adapter.rb:31:in `each'
  /opt/local/lib/ruby/gems/1.8/gems/dm-core-0.10.0/lib/dm-core/adapters/data_objects_adapter.rb:31:in `create'
  /opt/local/lib/ruby/gems/1.8/gems/dm-core-0.10.0/lib/dm-core/repository.rb:122:in `create'
  /opt/local/lib/ruby/gems/1.8/gems/dm-core-0.10.0/lib/dm-core/resource.rb:808:in `_create'
  /opt/local/lib/ruby/gems/1.8/gems/dm-core-0.10.0/lib/dm-core/resource.rb:634:in `hookable__create_hook_nan_before_advised'
  extlib (0.9.13) lib/extlib/hook.rb:299:in `create_hook'
  extlib (0.9.13) lib/extlib/hook.rb:297:in `catch'
  extlib (0.9.13) lib/extlib/hook.rb:297:in `create_hook'
  /opt/local/lib/ruby/gems/1.8/gems/dm-core-0.10.0/lib/dm-core/resource.rb:567:in `save_self'
  /opt/local/lib/ruby/gems/1.8/gems/dm-core-0.10.0/lib/dm-core/resource.rb:333:in `save'
  /opt/local/lib/ruby/gems/1.8/gems/dm-core-0.10.0/lib/dm-core/model.rb:616:in `send'
  /opt/local/lib/ruby/gems/1.8/gems/dm-core-0.10.0/lib/dm-core/model.rb:616:in `_create'
  /opt/local/lib/ruby/gems/1.8/gems/dm-core-0.10.0/lib/dm-core/model.rb:403:in `create'
  app/controllers/employees_controller.rb:17:in `create'
  haml (2.2.5) lib/sass/plugin/rails.rb:19:in `process'
  thin (1.2.4) lib/thin/connection.rb:76:in `pre_process'
  thin (1.2.4) lib/thin/connection.rb:74:in `catch'
  thin (1.2.4) lib/thin/connection.rb:74:in `pre_process'
  thin (1.2.4) lib/thin/connection.rb:57:in `process'
  thin (1.2.4) lib/thin/connection.rb:42:in `receive_data'
  eventmachine (0.12.8) lib/eventmachine.rb:242:in `run_machine'
  eventmachine (0.12.8) lib/eventmachine.rb:242:in `run'
  thin (1.2.4) lib/thin/backends/base.rb:57:in `start'
  thin (1.2.4) lib/thin/server.rb:156:in `start'
  thin (1.2.4) lib/thin/controllers/controller.rb:80:in `start'
  thin (1.2.4) lib/thin/runner.rb:174:in `send'
  thin (1.2.4) lib/thin/runner.rb:174:in `run_command'
  thin (1.2.4) lib/thin/runner.rb:140:in `run!'
  thin (1.2.4) bin/thin:6
  /opt/local/bin/thin:19:in `load'
  /opt/local/bin/thin:19

Rendered rescues/_trace (37.3ms)
Rendered rescues/_request_and_response (0.4ms)
Rendering rescues/layout (internal_server_error)


Processing EmployeesController#create (for 127.0.0.1 at 2009-09-26 19:56:45) [POST]
  Parameters: {"commit"=>"Create", "authenticity_token"=>"00SMJHYycx8VnQewkMDW7CwZoZMZgTerIXDLr6Bg7t8=", "employee"=>{"surname"=>"", "first_name"=>""}}

NoMethodError (undefined method `pp' for #<EmployeesController:0x24fc494>):
  app/controllers/employees_controller.rb:17:in `create'
  haml (2.2.5) lib/sass/plugin/rails.rb:19:in `process'
  thin (1.2.4) lib/thin/connection.rb:76:in `pre_process'
  thin (1.2.4) lib/thin/connection.rb:74:in `catch'
  thin (1.2.4) lib/thin/connection.rb:74:in `pre_process'
  thin (1.2.4) lib/thin/connection.rb:57:in `process'
  thin (1.2.4) lib/thin/connection.rb:42:in `receive_data'
  eventmachine (0.12.8) lib/eventmachine.rb:242:in `run_machine'
  eventmachine (0.12.8) lib/eventmachine.rb:242:in `run'
  thin (1.2.4) lib/thin/backends/base.rb:57:in `start'
  thin (1.2.4) lib/thin/server.rb:156:in `start'
  thin (1.2.4) lib/thin/controllers/controller.rb:80:in `start'
  thin (1.2.4) lib/thin/runner.rb:174:in `send'
  thin (1.2.4) lib/thin/runner.rb:174:in `run_command'
  thin (1.2.4) lib/thin/runner.rb:140:in `run!'
  thin (1.2.4) bin/thin:6
  /opt/local/bin/thin:19:in `load'
  /opt/local/bin/thin:19

Rendered rescues/_trace (20.4ms)
Rendered rescues/_request_and_response (0.3ms)
Rendering rescues/layout (internal_server_error)


Processing EmployeesController#create (for 127.0.0.1 at 2009-09-26 19:56:57) [POST]
  Parameters: {"commit"=>"Create", "authenticity_token"=>"00SMJHYycx8VnQewkMDW7CwZoZMZgTerIXDLr6Bg7t8=", "employee"=>{"surname"=>"", "first_name"=>""}}

NameError (undefined local variable or method `pp' for #<EmployeesController:0x23a4678>):
  app/controllers/employees_controller.rb:17:in `create'
  haml (2.2.5) lib/sass/plugin/rails.rb:19:in `process'
  thin (1.2.4) lib/thin/connection.rb:76:in `pre_process'
  thin (1.2.4) lib/thin/connection.rb:74:in `catch'
  thin (1.2.4) lib/thin/connection.rb:74:in `pre_process'
  thin (1.2.4) lib/thin/connection.rb:57:in `process'
  thin (1.2.4) lib/thin/connection.rb:42:in `receive_data'
  eventmachine (0.12.8) lib/eventmachine.rb:242:in `run_machine'
  eventmachine (0.12.8) lib/eventmachine.rb:242:in `run'
  thin (1.2.4) lib/thin/backends/base.rb:57:in `start'
  thin (1.2.4) lib/thin/server.rb:156:in `start'
  thin (1.2.4) lib/thin/controllers/controller.rb:80:in `start'
  thin (1.2.4) lib/thin/runner.rb:174:in `send'
  thin (1.2.4) lib/thin/runner.rb:174:in `run_command'
  thin (1.2.4) lib/thin/runner.rb:140:in `run!'
  thin (1.2.4) bin/thin:6
  /opt/local/bin/thin:19:in `load'
  /opt/local/bin/thin:19

Rendered rescues/_trace (32.5ms)
Rendered rescues/_request_and_response (0.3ms)
Rendering rescues/layout (internal_server_error)


Processing EmployeesController#create (for 127.0.0.1 at 2009-09-26 19:57:06) [POST]
  Parameters: {"commit"=>"Create", "authenticity_token"=>"00SMJHYycx8VnQewkMDW7CwZoZMZgTerIXDLr6Bg7t8=", "employee"=>{"surname"=>"", "first_name"=>""}}

DataObjects::SyntaxError (ERROR:  syntax error at or near "RETURNING" at character 67
):
  /opt/local/lib/ruby/gems/1.8/gems/dm-core-0.10.0/lib/dm-core/adapters/data_objects_adapter.rb:162:in `execute_non_query'
  /opt/local/lib/ruby/gems/1.8/gems/dm-core-0.10.0/lib/dm-core/adapters/data_objects_adapter.rb:162:in `execute'
  /opt/local/lib/ruby/gems/1.8/gems/dm-core-0.10.0/lib/dm-core/adapters/data_objects_adapter.rb:266:in `with_connection'
  /opt/local/lib/ruby/gems/1.8/gems/dm-core-0.10.0/lib/dm-core/adapters/data_objects_adapter.rb:160:in `execute'
  /opt/local/lib/ruby/gems/1.8/gems/dm-core-0.10.0/lib/dm-core/adapters/data_objects_adapter.rb:58:in `create'
  /opt/local/lib/ruby/gems/1.8/gems/dm-core-0.10.0/lib/dm-core/adapters/data_objects_adapter.rb:31:in `each'
  /opt/local/lib/ruby/gems/1.8/gems/dm-core-0.10.0/lib/dm-core/adapters/data_objects_adapter.rb:31:in `create'
  /opt/local/lib/ruby/gems/1.8/gems/dm-core-0.10.0/lib/dm-core/repository.rb:122:in `create'
  /opt/local/lib/ruby/gems/1.8/gems/dm-core-0.10.0/lib/dm-core/resource.rb:808:in `_create'
  /opt/local/lib/ruby/gems/1.8/gems/dm-core-0.10.0/lib/dm-core/resource.rb:569:in `save_self'
  /opt/local/lib/ruby/gems/1.8/gems/dm-core-0.10.0/lib/dm-core/resource.rb:344:in `save!'
  app/controllers/employees_controller.rb:19:in `create'
  haml (2.2.5) lib/sass/plugin/rails.rb:19:in `process'
  thin (1.2.4) lib/thin/connection.rb:76:in `pre_process'
  thin (1.2.4) lib/thin/connection.rb:74:in `catch'
  thin (1.2.4) lib/thin/connection.rb:74:in `pre_process'
  thin (1.2.4) lib/thin/connection.rb:57:in `process'
  thin (1.2.4) lib/thin/connection.rb:42:in `receive_data'
  eventmachine (0.12.8) lib/eventmachine.rb:242:in `run_machine'
  eventmachine (0.12.8) lib/eventmachine.rb:242:in `run'
  thin (1.2.4) lib/thin/backends/base.rb:57:in `start'
  thin (1.2.4) lib/thin/server.rb:156:in `start'
  thin (1.2.4) lib/thin/controllers/controller.rb:80:in `start'
  thin (1.2.4) lib/thin/runner.rb:174:in `send'
  thin (1.2.4) lib/thin/runner.rb:174:in `run_command'
  thin (1.2.4) lib/thin/runner.rb:140:in `run!'
  thin (1.2.4) bin/thin:6
  /opt/local/bin/thin:19:in `load'
  /opt/local/bin/thin:19

Rendered rescues/_trace (27.9ms)
Rendered rescues/_request_and_response (0.3ms)
Rendering rescues/layout (internal_server_error)


Processing EmployeesController#create (for 127.0.0.1 at 2009-09-26 19:57:20) [POST]
  Parameters: {"commit"=>"Create", "authenticity_token"=>"00SMJHYycx8VnQewkMDW7CwZoZMZgTerIXDLr6Bg7t8=", "employee"=>{"surname"=>"", "first_name"=>""}}

DataObjects::SyntaxError (ERROR:  syntax error at or near "RETURNING" at character 67
):
  /opt/local/lib/ruby/gems/1.8/gems/dm-core-0.10.0/lib/dm-core/adapters/data_objects_adapter.rb:162:in `execute_non_query'
  /opt/local/lib/ruby/gems/1.8/gems/dm-core-0.10.0/lib/dm-core/adapters/data_objects_adapter.rb:162:in `execute'
  /opt/local/lib/ruby/gems/1.8/gems/dm-core-0.10.0/lib/dm-core/adapters/data_objects_adapter.rb:266:in `with_connection'
  /opt/local/lib/ruby/gems/1.8/gems/dm-core-0.10.0/lib/dm-core/adapters/data_objects_adapter.rb:160:in `execute'
  /opt/local/lib/ruby/gems/1.8/gems/dm-core-0.10.0/lib/dm-core/adapters/data_objects_adapter.rb:58:in `create'
  /opt/local/lib/ruby/gems/1.8/gems/dm-core-0.10.0/lib/dm-core/adapters/data_objects_adapter.rb:31:in `each'
  /opt/local/lib/ruby/gems/1.8/gems/dm-core-0.10.0/lib/dm-core/adapters/data_objects_adapter.rb:31:in `create'
  /opt/local/lib/ruby/gems/1.8/gems/dm-core-0.10.0/lib/dm-core/repository.rb:122:in `create'
  /opt/local/lib/ruby/gems/1.8/gems/dm-core-0.10.0/lib/dm-core/resource.rb:808:in `_create'
  /opt/local/lib/ruby/gems/1.8/gems/dm-core-0.10.0/lib/dm-core/resource.rb:634:in `hookable__create_hook_nan_before_advised'
  extlib (0.9.13) lib/extlib/hook.rb:299:in `create_hook'
  extlib (0.9.13) lib/extlib/hook.rb:297:in `catch'
  extlib (0.9.13) lib/extlib/hook.rb:297:in `create_hook'
  /opt/local/lib/ruby/gems/1.8/gems/dm-core-0.10.0/lib/dm-core/resource.rb:567:in `save_self'
  /opt/local/lib/ruby/gems/1.8/gems/dm-core-0.10.0/lib/dm-core/resource.rb:333:in `save'
  app/controllers/employees_controller.rb:19:in `create'
  haml (2.2.5) lib/sass/plugin/rails.rb:19:in `process'
  thin (1.2.4) lib/thin/connection.rb:76:in `pre_process'
  thin (1.2.4) lib/thin/connection.rb:74:in `catch'
  thin (1.2.4) lib/thin/connection.rb:74:in `pre_process'
  thin (1.2.4) lib/thin/connection.rb:57:in `process'
  thin (1.2.4) lib/thin/connection.rb:42:in `receive_data'
  eventmachine (0.12.8) lib/eventmachine.rb:242:in `run_machine'
  eventmachine (0.12.8) lib/eventmachine.rb:242:in `run'
  thin (1.2.4) lib/thin/backends/base.rb:57:in `start'
  thin (1.2.4) lib/thin/server.rb:156:in `start'
  thin (1.2.4) lib/thin/controllers/controller.rb:80:in `start'
  thin (1.2.4) lib/thin/runner.rb:174:in `send'
  thin (1.2.4) lib/thin/runner.rb:174:in `run_command'
  thin (1.2.4) lib/thin/runner.rb:140:in `run!'
  thin (1.2.4) bin/thin:6
  /opt/local/bin/thin:19:in `load'
  /opt/local/bin/thin:19

Rendered rescues/_trace (30.1ms)
Rendered rescues/_request_and_response (0.3ms)
Rendering rescues/layout (internal_server_error)


Processing EmployeesController#index (for 127.0.0.1 at 2009-09-26 21:42:32) [GET]
Rendering employees/index
Rendered employees/_employees_table (17.9ms)
Completed in 141ms (View: 96 | 200 OK [http://localhost/employees]


Processing EmployeesController#new (for 127.0.0.1 at 2009-09-26 21:42:36) [GET]
Rendering employees/new
Rendered employees/_form (24.1ms)
Completed in 49ms (View: 48 | 200 OK [http://localhost/employees/new]


Processing EmployeesController#create (for 127.0.0.1 at 2009-09-26 21:42:36) [POST]
  Parameters: {"commit"=>"Create", "authenticity_token"=>"00SMJHYycx8VnQewkMDW7CwZoZMZgTerIXDLr6Bg7t8=", "employee"=>{"surname"=>"", "first_name"=>""}}
Redirected to http://localhost:3000/employees
Completed in 82ms | 302 Found [http://localhost/employees]


Processing EmployeesController#index (for 127.0.0.1 at 2009-09-26 21:42:37) [GET]
Rendering employees/index
Rendered employees/_employees_table (0.1ms)

ActionView::TemplateError (You have a nil object when you didn't expect it!
The error occurred while evaluating nil.last_first) on line #2 of app/views/employees/_employee.html.erb:
1: <tr>
2: 	<td><%= @employee.last_first %></td>
3:    <td><%= link_to "Edit", employee_path(employee), :class => "Edit" %></td>
4:    <td><%= link_to "Delete", employee_path(employee), :method => :delete,
5:           :confirm => "Are you sure you want to delete #{employee.name}?",

    app/views/employees/_employee.html.erb:2
    extlib (0.9.13) lib/extlib/lazy_array.rb:452:in `map'
    extlib (0.9.13) lib/extlib/lazy_array.rb:452:in `map'
    haml (2.2.5) lib/haml/helpers/action_view_mods.rb:11:in `render'
    haml (2.2.5) lib/haml/helpers.rb:96:in `non_haml'
    haml (2.2.5) lib/haml/helpers/action_view_mods.rb:11:in `render'
    app/views/employees/index.html.haml:6:in `_run_haml_app47views47employees47index46html46haml'
    haml (2.2.5) lib/haml/helpers/action_view_mods.rb:13:in `render'
    haml (2.2.5) lib/sass/plugin/rails.rb:19:in `process'
    thin (1.2.4) lib/thin/connection.rb:76:in `pre_process'
    thin (1.2.4) lib/thin/connection.rb:74:in `catch'
    thin (1.2.4) lib/thin/connection.rb:74:in `pre_process'
    thin (1.2.4) lib/thin/connection.rb:57:in `process'
    thin (1.2.4) lib/thin/connection.rb:42:in `receive_data'
    eventmachine (0.12.8) lib/eventmachine.rb:242:in `run_machine'
    eventmachine (0.12.8) lib/eventmachine.rb:242:in `run'
    thin (1.2.4) lib/thin/backends/base.rb:57:in `start'
    thin (1.2.4) lib/thin/server.rb:156:in `start'
    thin (1.2.4) lib/thin/controllers/controller.rb:80:in `start'
    thin (1.2.4) lib/thin/runner.rb:174:in `send'
    thin (1.2.4) lib/thin/runner.rb:174:in `run_command'
    thin (1.2.4) lib/thin/runner.rb:140:in `run!'
    thin (1.2.4) bin/thin:6
    /opt/local/bin/thin:19:in `load'
    /opt/local/bin/thin:19

Rendered rescues/_trace (36.4ms)
Rendered rescues/_request_and_response (1.1ms)
Rendering rescues/layout (internal_server_error)


Processing EmployeesController#index (for 127.0.0.1 at 2009-09-26 21:43:36) [GET]
Rendering employees/index
Rendered employees/_employees_table (0.1ms)

ActionView::TemplateError (You have a nil object when you didn't expect it!
The error occurred while evaluating nil.surname) on line #2 of app/views/employees/_employee.html.erb:
1: <tr>
2: 	<td><%= @employee.surname %></td>
3: 	<td><%= @employee.first_name %></td>
4:    <td><%= link_to "Edit", employee_path(employee), :class => "Edit" %></td>
5:    <td><%= link_to "Delete", employee_path(employee), :method => :delete,

    app/views/employees/_employee.html.erb:2
    extlib (0.9.13) lib/extlib/lazy_array.rb:452:in `map'
    extlib (0.9.13) lib/extlib/lazy_array.rb:452:in `map'
    haml (2.2.5) lib/haml/helpers/action_view_mods.rb:11:in `render'
    haml (2.2.5) lib/haml/helpers.rb:96:in `non_haml'
    haml (2.2.5) lib/haml/helpers/action_view_mods.rb:11:in `render'
    app/views/employees/index.html.haml:6:in `_run_haml_app47views47employees47index46html46haml'
    haml (2.2.5) lib/haml/helpers/action_view_mods.rb:13:in `render'
    haml (2.2.5) lib/sass/plugin/rails.rb:19:in `process'
    thin (1.2.4) lib/thin/connection.rb:76:in `pre_process'
    thin (1.2.4) lib/thin/connection.rb:74:in `catch'
    thin (1.2.4) lib/thin/connection.rb:74:in `pre_process'
    thin (1.2.4) lib/thin/connection.rb:57:in `process'
    thin (1.2.4) lib/thin/connection.rb:42:in `receive_data'
    eventmachine (0.12.8) lib/eventmachine.rb:242:in `run_machine'
    eventmachine (0.12.8) lib/eventmachine.rb:242:in `run'
    thin (1.2.4) lib/thin/backends/base.rb:57:in `start'
    thin (1.2.4) lib/thin/server.rb:156:in `start'
    thin (1.2.4) lib/thin/controllers/controller.rb:80:in `start'
    thin (1.2.4) lib/thin/runner.rb:174:in `send'
    thin (1.2.4) lib/thin/runner.rb:174:in `run_command'
    thin (1.2.4) lib/thin/runner.rb:140:in `run!'
    thin (1.2.4) bin/thin:6
    /opt/local/bin/thin:19:in `load'
    /opt/local/bin/thin:19

Rendered rescues/_trace (110.0ms)
Rendered rescues/_request_and_response (0.2ms)
Rendering rescues/layout (internal_server_error)


Processing EmployeesController#index (for 127.0.0.1 at 2009-09-26 21:43:49) [GET]
Rendering employees/index
Rendered employees/_employees_table (0.1ms)

ActionView::TemplateError (undefined method `name' for #<Employee @id=1 @surname="" @first_name="">) on line #6 of app/views/employees/_employee.html.erb:
3: 	<td><%= employee.first_name %></td>
4:    <td><%= link_to "Edit", employee_path(employee), :class => "Edit" %></td>
5:    <td><%= link_to "Delete", employee_path(employee), :method => :delete,
6:           :confirm => "Are you sure you want to delete #{employee.name}?",
7:           :class => "Delete" %></td>
8: </tr>

    app/views/employees/_employee.html.erb:6
    extlib (0.9.13) lib/extlib/lazy_array.rb:452:in `map'
    extlib (0.9.13) lib/extlib/lazy_array.rb:452:in `map'
    haml (2.2.5) lib/haml/helpers/action_view_mods.rb:11:in `render'
    haml (2.2.5) lib/haml/helpers.rb:96:in `non_haml'
    haml (2.2.5) lib/haml/helpers/action_view_mods.rb:11:in `render'
    app/views/employees/index.html.haml:6:in `_run_haml_app47views47employees47index46html46haml'
    haml (2.2.5) lib/haml/helpers/action_view_mods.rb:13:in `render'
    haml (2.2.5) lib/sass/plugin/rails.rb:19:in `process'
    thin (1.2.4) lib/thin/connection.rb:76:in `pre_process'
    thin (1.2.4) lib/thin/connection.rb:74:in `catch'
    thin (1.2.4) lib/thin/connection.rb:74:in `pre_process'
    thin (1.2.4) lib/thin/connection.rb:57:in `process'
    thin (1.2.4) lib/thin/connection.rb:42:in `receive_data'
    eventmachine (0.12.8) lib/eventmachine.rb:242:in `run_machine'
    eventmachine (0.12.8) lib/eventmachine.rb:242:in `run'
    thin (1.2.4) lib/thin/backends/base.rb:57:in `start'
    thin (1.2.4) lib/thin/server.rb:156:in `start'
    thin (1.2.4) lib/thin/controllers/controller.rb:80:in `start'
    thin (1.2.4) lib/thin/runner.rb:174:in `send'
    thin (1.2.4) lib/thin/runner.rb:174:in `run_command'
    thin (1.2.4) lib/thin/runner.rb:140:in `run!'
    thin (1.2.4) bin/thin:6
    /opt/local/bin/thin:19:in `load'
    /opt/local/bin/thin:19

Rendered rescues/_trace (34.8ms)
Rendered rescues/_request_and_response (0.2ms)
Rendering rescues/layout (internal_server_error)


Processing EmployeesController#index (for 127.0.0.1 at 2009-09-26 21:44:06) [GET]
Rendering employees/index
Rendered employees/_employees_table (0.1ms)
Rendered employees/_employee (1.3ms)
Completed in 15ms (View: 9 | 200 OK [http://localhost/employees]


Processing EmployeesController#show (for 127.0.0.1 at 2009-09-26 21:44:15) [GET]
  Parameters: {"id"=>"#<Employee:0x24b1bb0>"}

NoMethodError (undefined method `find' for Employee:Class):
  /opt/local/lib/ruby/gems/1.8/gems/dm-core-0.10.0/lib/dm-core/model/relationship.rb:330:in `method_missing'
  /opt/local/lib/ruby/gems/1.8/gems/dm-core-0.10.0/lib/dm-core/model/property.rb:242:in `method_missing'
  app/controllers/employees_controller.rb:50:in `find_employee'
  haml (2.2.5) lib/sass/plugin/rails.rb:19:in `process'
  thin (1.2.4) lib/thin/connection.rb:76:in `pre_process'
  thin (1.2.4) lib/thin/connection.rb:74:in `catch'
  thin (1.2.4) lib/thin/connection.rb:74:in `pre_process'
  thin (1.2.4) lib/thin/connection.rb:57:in `process'
  thin (1.2.4) lib/thin/connection.rb:42:in `receive_data'
  eventmachine (0.12.8) lib/eventmachine.rb:242:in `run_machine'
  eventmachine (0.12.8) lib/eventmachine.rb:242:in `run'
  thin (1.2.4) lib/thin/backends/base.rb:57:in `start'
  thin (1.2.4) lib/thin/server.rb:156:in `start'
  thin (1.2.4) lib/thin/controllers/controller.rb:80:in `start'
  thin (1.2.4) lib/thin/runner.rb:174:in `send'
  thin (1.2.4) lib/thin/runner.rb:174:in `run_command'
  thin (1.2.4) lib/thin/runner.rb:140:in `run!'
  thin (1.2.4) bin/thin:6
  /opt/local/bin/thin:19:in `load'
  /opt/local/bin/thin:19

Rendered rescues/_trace (22.6ms)
Rendered rescues/_request_and_response (0.2ms)
Rendering rescues/layout (internal_server_error)


Processing EmployeesController#show (for 127.0.0.1 at 2009-09-26 21:44:49) [GET]
  Parameters: {"id"=>"#<Employee:0x24b1bb0>"}
Rendering employees/show

ActionView::TemplateError (employee_url failed to generate from {:action=>"show", :controller=>"employees", :id=>nil}, expected: {:controller=>"employees", :action=>"show"}, diff: {:id=>nil}) on line #1 of app/views/employees/show.html.erb:
1: <% form_for :employee, @employee, :url => employee_path(@employee) do |f| %>
2:   <%= hidden_field :_method, :put %>
3:   <%= render :partial => "employees/form", :locals => { :form => f } %>
4: <% end %>

    (eval):16:in `employee_path'
    app/views/employees/show.html.erb:1
    haml (2.2.5) lib/haml/helpers/action_view_mods.rb:13:in `render'
    haml (2.2.5) lib/sass/plugin/rails.rb:19:in `process'
    thin (1.2.4) lib/thin/connection.rb:76:in `pre_process'
    thin (1.2.4) lib/thin/connection.rb:74:in `catch'
    thin (1.2.4) lib/thin/connection.rb:74:in `pre_process'
    thin (1.2.4) lib/thin/connection.rb:57:in `process'
    thin (1.2.4) lib/thin/connection.rb:42:in `receive_data'
    eventmachine (0.12.8) lib/eventmachine.rb:242:in `run_machine'
    eventmachine (0.12.8) lib/eventmachine.rb:242:in `run'
    thin (1.2.4) lib/thin/backends/base.rb:57:in `start'
    thin (1.2.4) lib/thin/server.rb:156:in `start'
    thin (1.2.4) lib/thin/controllers/controller.rb:80:in `start'
    thin (1.2.4) lib/thin/runner.rb:174:in `send'
    thin (1.2.4) lib/thin/runner.rb:174:in `run_command'
    thin (1.2.4) lib/thin/runner.rb:140:in `run!'
    thin (1.2.4) bin/thin:6
    /opt/local/bin/thin:19:in `load'
    /opt/local/bin/thin:19

Rendered rescues/_trace (28.9ms)
Rendered rescues/_request_and_response (0.3ms)
Rendering rescues/layout (internal_server_error)


Processing EmployeesController#index (for 127.0.0.1 at 2009-09-26 21:45:17) [GET]
Rendering employees/index
Rendered employees/_employees_table (0.1ms)
Rendered employees/_employee (1.9ms)
Completed in 14ms (View: 9 | 200 OK [http://localhost/employees]


Processing EmployeesController#index (for 127.0.0.1 at 2009-09-26 21:46:00) [GET]
Rendering employees/index
Rendered employees/_employees_table (0.1ms)
Rendered employees/_employee (1.3ms)
Completed in 10ms (View: 6 | 200 OK [http://localhost/employees]


Processing EmployeesController#show (for 127.0.0.1 at 2009-09-26 21:46:09) [GET]
  Parameters: {"id"=>"1"}
Rendering employees/show
Rendered employees/_form (0.7ms)
Completed in 9ms (View: 3 | 200 OK [http://localhost/employees/1]


Processing EmployeesController#index (for 127.0.0.1 at 2009-09-26 21:46:38) [GET]
Rendering employees/index
Rendered employees/_employees_table (0.1ms)
Rendered employees/_employee (1.3ms)
Completed in 11ms (View: 7 | 200 OK [http://localhost/employees]


Processing EmployeesController#show (for 127.0.0.1 at 2009-09-26 21:46:47) [GET]
  Parameters: {"id"=>"1"}
Rendering employees/show
Rendered employees/_form (0.6ms)
Completed in 9ms (View: 3 | 200 OK [http://localhost/employees/1]


Processing EmployeesController#index (for 127.0.0.1 at 2009-09-26 21:47:35) [GET]
Rendering employees/index
Rendered employees/_employee (0.8ms)
Rendered employees/_employees_table (2.8ms)
Rendered employees/_employee (0.4ms)
Completed in 12ms (View: 8 | 200 OK [http://localhost/employees]


Processing EmployeesController#index (for 127.0.0.1 at 2009-09-26 21:47:47) [GET]
Rendering employees/index
Rendered employees/_employee (0.8ms)
Rendered employees/_employees_table (1.9ms)
Completed in 12ms (View: 7 | 200 OK [http://localhost/employees]


Processing EmployeesController#index (for 127.0.0.1 at 2009-09-26 21:48:05) [GET]
Rendering employees/index

ActionView::TemplateError (Illegal nesting: content can't be both given on the same line as %th and nested within it.) on line #5 of app/views/employees/_employees_table.html.haml:
2:  %tr
3:  %th Id
4:  %th First Name
5:   %th Surname 
6:  = render :partial => "employee", :collection => @employees

    app/views/employees/_employees_table.html.haml:5
    haml (2.2.5) lib/haml/precompiler.rb:701:in `render_tag'
    haml (2.2.5) lib/haml/precompiler.rb:204:in `process_line'
    haml (2.2.5) lib/haml/precompiler.rb:168:in `precompile'
    haml (2.2.5) lib/haml/engine.rb:112:in `initialize'
    haml (2.2.5) lib/haml/template/plugin.rb:21:in `new'
    haml (2.2.5) lib/haml/template/plugin.rb:21:in `compile'
    haml (2.2.5) lib/haml/helpers/action_view_mods.rb:11:in `render'
    haml (2.2.5) lib/haml/helpers.rb:96:in `non_haml'
    haml (2.2.5) lib/haml/helpers/action_view_mods.rb:11:in `render'
    app/views/employees/index.html.haml:5:in `_run_haml_app47views47employees47index46html46haml'
    haml (2.2.5) lib/haml/helpers/action_view_mods.rb:13:in `render'
    haml (2.2.5) lib/sass/plugin/rails.rb:19:in `process'
    thin (1.2.4) lib/thin/connection.rb:76:in `pre_process'
    thin (1.2.4) lib/thin/connection.rb:74:in `catch'
    thin (1.2.4) lib/thin/connection.rb:74:in `pre_process'
    thin (1.2.4) lib/thin/connection.rb:57:in `process'
    thin (1.2.4) lib/thin/connection.rb:42:in `receive_data'
    eventmachine (0.12.8) lib/eventmachine.rb:242:in `run_machine'
    eventmachine (0.12.8) lib/eventmachine.rb:242:in `run'
    thin (1.2.4) lib/thin/backends/base.rb:57:in `start'
    thin (1.2.4) lib/thin/server.rb:156:in `start'
    thin (1.2.4) lib/thin/controllers/controller.rb:80:in `start'
    thin (1.2.4) lib/thin/runner.rb:174:in `send'
    thin (1.2.4) lib/thin/runner.rb:174:in `run_command'
    thin (1.2.4) lib/thin/runner.rb:140:in `run!'
    thin (1.2.4) bin/thin:6
    /opt/local/bin/thin:19:in `load'
    /opt/local/bin/thin:19

Rendered rescues/_trace (36.2ms)
Rendered rescues/_request_and_response (0.2ms)
Rendering rescues/layout (internal_server_error)


Processing EmployeesController#index (for 127.0.0.1 at 2009-09-26 21:48:18) [GET]
Rendering employees/index
Rendered employees/_employee (0.8ms)
Rendered employees/_employees_table (2.9ms)
Completed in 11ms (View: 7 | 200 OK [http://localhost/employees]


Processing EmployeesController#destroy (for 127.0.0.1 at 2009-09-26 21:48:30) [DELETE]
  Parameters: {"authenticity_token"=>"00SMJHYycx8VnQewkMDW7CwZoZMZgTerIXDLr6Bg7t8=", "id"=>"1"}
Redirected to http://localhost:3000/employees
Completed in 8ms | 302 Found [http://localhost/employees/1]


Processing EmployeesController#index (for 127.0.0.1 at 2009-09-26 21:48:30) [GET]
Rendering employees/index
Rendered employees/_employees_table (0.8ms)
Completed in 6ms (View: 2 | 200 OK [http://localhost/employees]


Processing EmployeesController#new (for 127.0.0.1 at 2009-09-26 21:49:13) [GET]
Rendering employees/new
Rendered employees/_form (0.7ms)
Completed in 7ms (View: 6 | 200 OK [http://localhost/employees/new]


Processing EmployeesController#create (for 127.0.0.1 at 2009-09-26 21:49:18) [POST]
  Parameters: {"commit"=>"Create", "authenticity_token"=>"00SMJHYycx8VnQewkMDW7CwZoZMZgTerIXDLr6Bg7t8=", "employee"=>{"surname"=>"Hayes", "first_name"=>"Steve"}}
Redirected to http://localhost:3000/employees
Completed in 10ms | 302 Found [http://localhost/employees]


Processing EmployeesController#index (for 127.0.0.1 at 2009-09-26 21:49:18) [GET]
Rendering employees/index
Rendered employees/_employee (0.7ms)
Rendered employees/_employees_table (1.8ms)
Completed in 7ms (View: 3 | 200 OK [http://localhost/employees]


Processing EmployeesController#show (for 127.0.0.1 at 2009-09-26 21:49:21) [GET]
  Parameters: {"id"=>"2"}
Rendering employees/show
Rendered employees/_form (0.7ms)
Completed in 9ms (View: 3 | 200 OK [http://localhost/employees/2]


Processing EmployeesController#index (for 127.0.0.1 at 2009-09-26 21:53:01) [GET]
Rendering employees/index
Rendered employees/_employee (0.8ms)
Rendered employees/_employees_table (7.8ms)
Completed in 13ms (View: 9 | 200 OK [http://localhost/employees]


Processing EmployeesController#show (for 127.0.0.1 at 2009-09-26 21:53:02) [GET]
  Parameters: {"id"=>"2"}
Rendering employees/show
Rendered employees/_form (0.8ms)
Completed in 14ms (View: 8 | 200 OK [http://localhost/employees/2]


Processing EmployeesController#update (for 127.0.0.1 at 2009-09-26 21:53:05) [PUT]
  Parameters: {"commit"=>"Update", "authenticity_token"=>"00SMJHYycx8VnQewkMDW7CwZoZMZgTerIXDLr6Bg7t8=", "id"=>"#<Employee:0x26d2fc0>", "employee"=>{"surname"=>"Hayes", "first_name"=>"Steve"}}

NoMethodError (You have a nil object when you didn't expect it!
The error occurred while evaluating nil.update_attributes):
  app/controllers/employees_controller.rb:22:in `update'
  haml (2.2.5) lib/sass/plugin/rails.rb:19:in `process'
  thin (1.2.4) lib/thin/connection.rb:76:in `pre_process'
  thin (1.2.4) lib/thin/connection.rb:74:in `catch'
  thin (1.2.4) lib/thin/connection.rb:74:in `pre_process'
  thin (1.2.4) lib/thin/connection.rb:57:in `process'
  thin (1.2.4) lib/thin/connection.rb:42:in `receive_data'
  eventmachine (0.12.8) lib/eventmachine.rb:242:in `run_machine'
  eventmachine (0.12.8) lib/eventmachine.rb:242:in `run'
  thin (1.2.4) lib/thin/backends/base.rb:57:in `start'
  thin (1.2.4) lib/thin/server.rb:156:in `start'
  thin (1.2.4) lib/thin/controllers/controller.rb:80:in `start'
  thin (1.2.4) lib/thin/runner.rb:174:in `send'
  thin (1.2.4) lib/thin/runner.rb:174:in `run_command'
  thin (1.2.4) lib/thin/runner.rb:140:in `run!'
  thin (1.2.4) bin/thin:6
  /opt/local/bin/thin:19:in `load'
  /opt/local/bin/thin:19

Rendered rescues/_trace (20.3ms)
Rendered rescues/_request_and_response (0.4ms)
Rendering rescues/layout (internal_server_error)


Processing EmployeesController#update (for 127.0.0.1 at 2009-09-26 21:53:45) [PUT]
  Parameters: {"commit"=>"Update", "authenticity_token"=>"00SMJHYycx8VnQewkMDW7CwZoZMZgTerIXDLr6Bg7t8=", "id"=>"#<Employee:0x26d2fc0>", "employee"=>{"surname"=>"Hayes", "first_name"=>"Steve"}}

NoMethodError (You have a nil object when you didn't expect it!
The error occurred while evaluating nil.update_attributes):
  app/controllers/employees_controller.rb:24:in `update'
  haml (2.2.5) lib/sass/plugin/rails.rb:19:in `process'
  thin (1.2.4) lib/thin/connection.rb:76:in `pre_process'
  thin (1.2.4) lib/thin/connection.rb:74:in `catch'
  thin (1.2.4) lib/thin/connection.rb:74:in `pre_process'
  thin (1.2.4) lib/thin/connection.rb:57:in `process'
  thin (1.2.4) lib/thin/connection.rb:42:in `receive_data'
  eventmachine (0.12.8) lib/eventmachine.rb:242:in `run_machine'
  eventmachine (0.12.8) lib/eventmachine.rb:242:in `run'
  thin (1.2.4) lib/thin/backends/base.rb:57:in `start'
  thin (1.2.4) lib/thin/server.rb:156:in `start'
  thin (1.2.4) lib/thin/controllers/controller.rb:80:in `start'
  thin (1.2.4) lib/thin/runner.rb:174:in `send'
  thin (1.2.4) lib/thin/runner.rb:174:in `run_command'
  thin (1.2.4) lib/thin/runner.rb:140:in `run!'
  thin (1.2.4) bin/thin:6
  /opt/local/bin/thin:19:in `load'
  /opt/local/bin/thin:19

Rendered rescues/_trace (20.4ms)
Rendered rescues/_request_and_response (0.3ms)
Rendering rescues/layout (internal_server_error)


Processing EmployeesController#show (for 127.0.0.1 at 2009-09-26 21:54:56) [GET]
  Parameters: {"id"=>"2"}
Rendering employees/show
Rendered employees/_form (0.7ms)
Completed in 12ms (View: 6 | 200 OK [http://localhost/employees/2]


Processing EmployeesController#update (for 127.0.0.1 at 2009-09-26 21:54:58) [PUT]
  Parameters: {"commit"=>"Update", "authenticity_token"=>"00SMJHYycx8VnQewkMDW7CwZoZMZgTerIXDLr6Bg7t8=", "id"=>"2", "employee"=>{"surname"=>"Hayes", "first_name"=>"Steve"}}

ActionView::MissingTemplate (Missing template employees/update.erb in view path app/views):
  haml (2.2.5) lib/sass/plugin/rails.rb:19:in `process'
  thin (1.2.4) lib/thin/connection.rb:76:in `pre_process'
  thin (1.2.4) lib/thin/connection.rb:74:in `catch'
  thin (1.2.4) lib/thin/connection.rb:74:in `pre_process'
  thin (1.2.4) lib/thin/connection.rb:57:in `process'
  thin (1.2.4) lib/thin/connection.rb:42:in `receive_data'
  eventmachine (0.12.8) lib/eventmachine.rb:242:in `run_machine'
  eventmachine (0.12.8) lib/eventmachine.rb:242:in `run'
  thin (1.2.4) lib/thin/backends/base.rb:57:in `start'
  thin (1.2.4) lib/thin/server.rb:156:in `start'
  thin (1.2.4) lib/thin/controllers/controller.rb:80:in `start'
  thin (1.2.4) lib/thin/runner.rb:174:in `send'
  thin (1.2.4) lib/thin/runner.rb:174:in `run_command'
  thin (1.2.4) lib/thin/runner.rb:140:in `run!'
  thin (1.2.4) bin/thin:6
  /opt/local/bin/thin:19:in `load'
  /opt/local/bin/thin:19

Rendering rescues/layout (internal_server_error)


Processing EmployeesController#update (for 127.0.0.1 at 2009-09-26 21:55:25) [PUT]
  Parameters: {"commit"=>"Update", "authenticity_token"=>"00SMJHYycx8VnQewkMDW7CwZoZMZgTerIXDLr6Bg7t8=", "id"=>"2", "employee"=>{"surname"=>"Hayes", "first_name"=>"Steve"}}
Redirected to http://localhost:3000/employees

ActionController::DoubleRenderError (Render and/or redirect were called multiple times in this action. Please note that you may only call render OR redirect, and at most once per action. Also note that neither redirect nor render terminate execution of the action, so if you want to exit an action after redirecting, you need to do something like "redirect_to(...) and return".):
  app/controllers/employees_controller.rb:39:in `show_employees'
  haml (2.2.5) lib/sass/plugin/rails.rb:19:in `process'
  thin (1.2.4) lib/thin/connection.rb:76:in `pre_process'
  thin (1.2.4) lib/thin/connection.rb:74:in `catch'
  thin (1.2.4) lib/thin/connection.rb:74:in `pre_process'
  thin (1.2.4) lib/thin/connection.rb:57:in `process'
  thin (1.2.4) lib/thin/connection.rb:42:in `receive_data'
  eventmachine (0.12.8) lib/eventmachine.rb:242:in `run_machine'
  eventmachine (0.12.8) lib/eventmachine.rb:242:in `run'
  thin (1.2.4) lib/thin/backends/base.rb:57:in `start'
  thin (1.2.4) lib/thin/server.rb:156:in `start'
  thin (1.2.4) lib/thin/controllers/controller.rb:80:in `start'
  thin (1.2.4) lib/thin/runner.rb:174:in `send'
  thin (1.2.4) lib/thin/runner.rb:174:in `run_command'
  thin (1.2.4) lib/thin/runner.rb:140:in `run!'
  thin (1.2.4) bin/thin:6
  /opt/local/bin/thin:19:in `load'
  /opt/local/bin/thin:19

Rendered rescues/_trace (93.6ms)
Rendered rescues/_request_and_response (0.3ms)
Rendering rescues/layout (internal_server_error)


Processing EmployeesController#update (for 127.0.0.1 at 2009-09-26 21:55:37) [PUT]
  Parameters: {"commit"=>"Update", "authenticity_token"=>"00SMJHYycx8VnQewkMDW7CwZoZMZgTerIXDLr6Bg7t8=", "id"=>"2", "employee"=>{"surname"=>"Hayes", "first_name"=>"Steve"}}
Redirected to http://localhost:3000/employees
Completed in 10ms | 302 Found [http://localhost/employees/2]


Processing EmployeesController#index (for 127.0.0.1 at 2009-09-26 21:55:37) [GET]
Rendering employees/index
Rendered employees/_employee (0.7ms)
Rendered employees/_employees_table (1.9ms)
Completed in 7ms (View: 3 | 200 OK [http://localhost/employees]


Processing EmployeesController#show (for 127.0.0.1 at 2009-09-26 21:55:39) [GET]
  Parameters: {"id"=>"2"}
Rendering employees/show
Rendered employees/_form (0.7ms)
Completed in 8ms (View: 3 | 200 OK [http://localhost/employees/2]


Processing EmployeesController#update (for 127.0.0.1 at 2009-09-26 21:55:40) [PUT]
  Parameters: {"commit"=>"Update", "authenticity_token"=>"00SMJHYycx8VnQewkMDW7CwZoZMZgTerIXDLr6Bg7t8=", "id"=>"2", "employee"=>{"surname"=>"Hayes", "first_name"=>"Steve"}}
Redirected to http://localhost:3000/employees
Completed in 9ms | 302 Found [http://localhost/employees/2]


Processing EmployeesController#index (for 127.0.0.1 at 2009-09-26 21:55:40) [GET]
Rendering employees/index
Rendered employees/_employee (0.7ms)
Rendered employees/_employees_table (1.8ms)
Completed in 7ms (View: 3 | 200 OK [http://localhost/employees]


Processing EmployeesController#show (for 127.0.0.1 at 2009-09-26 21:55:42) [GET]
  Parameters: {"id"=>"2"}
Rendering employees/show
Rendered employees/_form (0.7ms)
Completed in 9ms (View: 3 | 200 OK [http://localhost/employees/2]


Processing EmployeesController#update (for 127.0.0.1 at 2009-09-26 21:55:42) [PUT]
  Parameters: {"commit"=>"Update", "authenticity_token"=>"00SMJHYycx8VnQewkMDW7CwZoZMZgTerIXDLr6Bg7t8=", "id"=>"2", "employee"=>{"surname"=>"Hayes", "first_name"=>"Steve"}}
Redirected to http://localhost:3000/employees
Completed in 11ms | 302 Found [http://localhost/employees/2]


Processing EmployeesController#index (for 127.0.0.1 at 2009-09-26 21:55:42) [GET]
Rendering employees/index
Rendered employees/_employee (0.7ms)
Rendered employees/_employees_table (1.8ms)
Completed in 7ms (View: 3 | 200 OK [http://localhost/employees]


Processing EmployeesController#index (for 127.0.0.1 at 2009-09-26 21:55:54) [GET]
Rendering employees/index
Rendered employees/_employee (0.7ms)
Rendered employees/_employees_table (1.9ms)
Completed in 8ms (View: 3 | 200 OK [http://localhost/employees]


Processing EmployeesController#show (for 127.0.0.1 at 2009-09-26 21:55:55) [GET]
  Parameters: {"id"=>"2"}
Rendering employees/show
Rendered employees/_form (0.7ms)
Completed in 9ms (View: 3 | 200 OK [http://localhost/employees/2]


Processing EmployeesController#update (for 127.0.0.1 at 2009-09-26 21:55:56) [PUT]
  Parameters: {"commit"=>"Update", "authenticity_token"=>"00SMJHYycx8VnQewkMDW7CwZoZMZgTerIXDLr6Bg7t8=", "id"=>"2", "employee"=>{"surname"=>"Hayes", "first_name"=>"Steve"}}

ActionView::MissingTemplate (Missing template employees/update.erb in view path app/views):
  haml (2.2.5) lib/sass/plugin/rails.rb:19:in `process'
  thin (1.2.4) lib/thin/connection.rb:76:in `pre_process'
  thin (1.2.4) lib/thin/connection.rb:74:in `catch'
  thin (1.2.4) lib/thin/connection.rb:74:in `pre_process'
  thin (1.2.4) lib/thin/connection.rb:57:in `process'
  thin (1.2.4) lib/thin/connection.rb:42:in `receive_data'
  eventmachine (0.12.8) lib/eventmachine.rb:242:in `run_machine'
  eventmachine (0.12.8) lib/eventmachine.rb:242:in `run'
  thin (1.2.4) lib/thin/backends/base.rb:57:in `start'
  thin (1.2.4) lib/thin/server.rb:156:in `start'
  thin (1.2.4) lib/thin/controllers/controller.rb:80:in `start'
  thin (1.2.4) lib/thin/runner.rb:174:in `send'
  thin (1.2.4) lib/thin/runner.rb:174:in `run_command'
  thin (1.2.4) lib/thin/runner.rb:140:in `run!'
  thin (1.2.4) bin/thin:6
  /opt/local/bin/thin:19:in `load'
  /opt/local/bin/thin:19

Rendering rescues/layout (internal_server_error)


Processing EmployeesController#index (for 127.0.0.1 at 2009-09-26 21:56:29) [GET]
Rendering employees/index
Rendered employees/_employee (0.7ms)
Rendered employees/_employees_table (1.8ms)
Completed in 7ms (View: 3 | 200 OK [http://localhost/employees]


Processing EmployeesController#show (for 127.0.0.1 at 2009-09-26 21:56:30) [GET]
  Parameters: {"id"=>"2"}
Rendering employees/show
Rendered employees/_form (0.7ms)
Completed in 8ms (View: 3 | 200 OK [http://localhost/employees/2]


Processing EmployeesController#update (for 127.0.0.1 at 2009-09-26 21:56:30) [PUT]
  Parameters: {"commit"=>"Update", "authenticity_token"=>"00SMJHYycx8VnQewkMDW7CwZoZMZgTerIXDLr6Bg7t8=", "id"=>"2", "employee"=>{"surname"=>"Hayes", "first_name"=>"Steve"}}
Redirected to http://localhost:3000/employees
Completed in 9ms | 302 Found [http://localhost/employees/2]


Processing EmployeesController#index (for 127.0.0.1 at 2009-09-26 21:56:31) [GET]
Rendering employees/index
Rendered employees/_employee (0.8ms)
Rendered employees/_employees_table (2.6ms)
Completed in 8ms (View: 4 | 200 OK [http://localhost/employees]


Processing EmployeesController#show (for 127.0.0.1 at 2009-09-26 21:56:32) [GET]
  Parameters: {"id"=>"2"}
Rendering employees/show
Rendered employees/_form (0.7ms)
Completed in 9ms (View: 3 | 200 OK [http://localhost/employees/2]


Processing EmployeesController#update (for 127.0.0.1 at 2009-09-26 21:56:33) [PUT]
  Parameters: {"commit"=>"Update", "authenticity_token"=>"00SMJHYycx8VnQewkMDW7CwZoZMZgTerIXDLr6Bg7t8=", "id"=>"2", "employee"=>{"surname"=>"Hayes", "first_name"=>"Steve"}}
Redirected to http://localhost:3000/employees
Completed in 13ms | 302 Found [http://localhost/employees/2]


Processing EmployeesController#index (for 127.0.0.1 at 2009-09-26 21:56:33) [GET]
Rendering employees/index
Rendered employees/_employee (0.7ms)
Rendered employees/_employees_table (1.8ms)
Completed in 7ms (View: 3 | 200 OK [http://localhost/employees]


Processing EmployeesController#new (for 127.0.0.1 at 2009-09-26 21:57:14) [GET]
Rendering employees/new
Rendered employees/_form (0.8ms)
Completed in 10ms (View: 6 | 200 OK [http://localhost/employees/new]


Processing EmployeesController#create (for 127.0.0.1 at 2009-09-26 21:57:22) [POST]
  Parameters: {"commit"=>"Create", "authenticity_token"=>"00SMJHYycx8VnQewkMDW7CwZoZMZgTerIXDLr6Bg7t8=", "employee"=>{"surname"=>"Andrews", "first_name"=>"Marty"}}
Redirected to http://localhost:3000/employees
Completed in 13ms | 302 Found [http://localhost/employees]


Processing EmployeesController#index (for 127.0.0.1 at 2009-09-26 21:57:22) [GET]
Rendering employees/index
Rendered employees/_employee (0.7ms)
Rendered employees/_employee (0.4ms)
Rendered employees/_employees_table (2.3ms)
Completed in 8ms (View: 3 | 200 OK [http://localhost/employees]
